# JRE version: OpenJDK Runtime Environment Temurin-17.0.2+8 (17.0.2+8) (build 17.0.2+8)
# Java VM: OpenJDK 64-Bit Server VM Temurin-17.0.2+8 (17.0.2+8, mixed mode, tiered, compressed class ptrs, parallel gc, linux-amd64)
GC Precious Log:
 CPUs: 4 total, 4 available
 Memory: 11877M
 Large Page Support: Disabled
 NUMA Support: Disabled
 Compressed Oops: Disabled
 Alignments: Space 512K, Generation 512K, Heap 2M
 Heap Min Capacity: 100M
 Heap Initial Capacity: 100M
 Heap Max Capacity: 32G
 Pre-touch: Disabled
 Parallel Workers: 4
Heap:
 PSYoungGen      total 15360K, used 15329K [0x00007f78eb980000, 0x00007f78ecf80000, 0x00007f7b96400000)
  eden space 13312K, 100% used [0x00007f78eb980000,0x00007f78ec680000,0x00007f78ec680000)
  from space 2048K, 98% used [0x00007f78eca00000,0x00007f78ecbf87d0,0x00007f78ecc00000)
  to   space 3584K, 0% used [0x00007f78ec680000,0x00007f78ec680000,0x00007f78eca00000)
 ParOldGen       total 181248K, used 167906K [0x00007f7396400000, 0x00007f73a1500000, 0x00007f78eb980000)
  object space 181248K, 92% used [0x00007f7396400000,0x00007f73a07f8bb0,0x00007f73a1500000)
 Metaspace       used 71486K, committed 72576K, reserved 1114112K
  class space    used 7370K, committed 7872K, reserved 1048576K
GC Heap History (20 events):
Event: 40,069 GC heap before
{Heap before GC invocations=138 (full 8):
 PSYoungGen      total 10240K, used 10052K [0x00007f78eb980000, 0x00007f78ec480000, 0x00007f7b96400000)
  eden space 9728K, 99% used [0x00007f78eb980000,0x00007f78ec2f51f0,0x00007f78ec300000)
  from space 512K, 71% used [0x00007f78ec380000,0x00007f78ec3dc010,0x00007f78ec400000)
  to   space 512K, 0% used [0x00007f78ec300000,0x00007f78ec300000,0x00007f78ec380000)
 ParOldGen       total 181248K, used 164093K [0x00007f7396400000, 0x00007f73a1500000, 0x00007f78eb980000)
  object space 181248K, 90% used [0x00007f7396400000,0x00007f73a043f648,0x00007f73a1500000)
 Metaspace       used 70889K, committed 72000K, reserved 1114112K
  class space    used 7325K, committed 7808K, reserved 1048576K
}
Event: 40,079 GC heap after
{Heap after GC invocations=138 (full 8):
 PSYoungGen      total 10240K, used 511K [0x00007f78eb980000, 0x00007f78ec700000, 0x00007f7b96400000)
  eden space 9728K, 0% used [0x00007f78eb980000,0x00007f78eb980000,0x00007f78ec300000)
  from space 512K, 99% used [0x00007f78ec300000,0x00007f78ec37ff20,0x00007f78ec380000)
  to   space 1536K, 0% used [0x00007f78ec580000,0x00007f78ec580000,0x00007f78ec700000)
 ParOldGen       total 181248K, used 164767K [0x00007f7396400000, 0x00007f73a1500000, 0x00007f78eb980000)
  object space 181248K, 90% used [0x00007f7396400000,0x00007f73a04e7d40,0x00007f73a1500000)
 Metaspace       used 70889K, committed 72000K, reserved 1114112K
  class space    used 7325K, committed 7808K, reserved 1048576K
}
Event: 40,115 GC heap before
{Heap before GC invocations=139 (full 8):
 PSYoungGen      total 10240K, used 10239K [0x00007f78eb980000, 0x00007f78ec700000, 0x00007f7b96400000)
  eden space 9728K, 100% used [0x00007f78eb980000,0x00007f78ec300000,0x00007f78ec300000)
  from space 512K, 99% used [0x00007f78ec300000,0x00007f78ec37ff20,0x00007f78ec380000)
  to   space 1536K, 0% used [0x00007f78ec580000,0x00007f78ec580000,0x00007f78ec700000)
 ParOldGen       total 181248K, used 164767K [0x00007f7396400000, 0x00007f73a1500000, 0x00007f78eb980000)
  object space 181248K, 90% used [0x00007f7396400000,0x00007f73a04e7d40,0x00007f73a1500000)
 Metaspace       used 70901K, committed 72000K, reserved 1114112K
  class space    used 7325K, committed 7808K, reserved 1048576K
}
Event: 40,123 GC heap after
{Heap after GC invocations=139 (full 8):
 PSYoungGen      total 11264K, used 224K [0x00007f78eb980000, 0x00007f78ec600000, 0x00007f7b96400000)
  eden space 10752K, 0% used [0x00007f78eb980000,0x00007f78eb980000,0x00007f78ec400000)
  from space 512K, 43% used [0x00007f78ec580000,0x00007f78ec5b8000,0x00007f78ec600000)
  to   space 1024K, 0% used [0x00007f78ec400000,0x00007f78ec400000,0x00007f78ec500000)
 ParOldGen       total 181248K, used 164815K [0x00007f7396400000, 0x00007f73a1500000, 0x00007f78eb980000)
  object space 181248K, 90% used [0x00007f7396400000,0x00007f73a04f3d40,0x00007f73a1500000)
 Metaspace       used 70901K, committed 72000K, reserved 1114112K
  class space    used 7325K, committed 7808K, reserved 1048576K
}
Event: 67,273 GC heap before
{Heap before GC invocations=140 (full 8):
 PSYoungGen      total 11264K, used 10976K [0x00007f78eb980000, 0x00007f78ec600000, 0x00007f7b96400000)
  eden space 10752K, 100% used [0x00007f78eb980000,0x00007f78ec400000,0x00007f78ec400000)
  from space 512K, 43% used [0x00007f78ec580000,0x00007f78ec5b8000,0x00007f78ec600000)
  to   space 1024K, 0% used [0x00007f78ec400000,0x00007f78ec400000,0x00007f78ec500000)
 ParOldGen       total 181248K, used 164815K [0x00007f7396400000, 0x00007f73a1500000, 0x00007f78eb980000)
  object space 181248K, 90% used [0x00007f7396400000,0x00007f73a04f3d40,0x00007f73a1500000)
 Metaspace       used 70990K, committed 72064K, reserved 1114112K
  class space    used 7334K, committed 7808K, reserved 1048576K
}
Event: 67,282 GC heap after
{Heap after GC invocations=140 (full 8):
 PSYoungGen      total 11776K, used 1000K [0x00007f78eb980000, 0x00007f78ec800000, 0x00007f7b96400000)
  eden space 10752K, 0% used [0x00007f78eb980000,0x00007f78eb980000,0x00007f78ec400000)
  from space 1024K, 97% used [0x00007f78ec400000,0x00007f78ec4fa3e0,0x00007f78ec500000)
  to   space 1536K, 0% used [0x00007f78ec680000,0x00007f78ec680000,0x00007f78ec800000)
 ParOldGen       total 181248K, used 164953K [0x00007f7396400000, 0x00007f73a1500000, 0x00007f78eb980000)
  object space 181248K, 91% used [0x00007f7396400000,0x00007f73a05166d8,0x00007f73a1500000)
 Metaspace       used 70990K, committed 72064K, reserved 1114112K
  class space    used 7334K, committed 7808K, reserved 1048576K
}
Event: 67,318 GC heap before
{Heap before GC invocations=141 (full 8):
 PSYoungGen      total 11776K, used 11752K [0x00007f78eb980000, 0x00007f78ec800000, 0x00007f7b96400000)
  eden space 10752K, 100% used [0x00007f78eb980000,0x00007f78ec400000,0x00007f78ec400000)
  from space 1024K, 97% used [0x00007f78ec400000,0x00007f78ec4fa3e0,0x00007f78ec500000)
  to   space 1536K, 0% used [0x00007f78ec680000,0x00007f78ec680000,0x00007f78ec800000)
 ParOldGen       total 181248K, used 164953K [0x00007f7396400000, 0x00007f73a1500000, 0x00007f78eb980000)
  object space 181248K, 91% used [0x00007f7396400000,0x00007f73a05166d8,0x00007f73a1500000)
 Metaspace       used 71000K, committed 72064K, reserved 1114112K
  class space    used 7334K, committed 7808K, reserved 1048576K
}
Event: 67,330 GC heap after
{Heap after GC invocations=141 (full 8):
 PSYoungGen      total 13312K, used 1435K [0x00007f78eb980000, 0x00007f78ec880000, 0x00007f7b96400000)
  eden space 11776K, 0% used [0x00007f78eb980000,0x00007f78eb980000,0x00007f78ec500000)
  from space 1536K, 93% used [0x00007f78ec680000,0x00007f78ec7e6d58,0x00007f78ec800000)
  to   space 1536K, 0% used [0x00007f78ec500000,0x00007f78ec500000,0x00007f78ec680000)
 ParOldGen       total 181248K, used 165005K [0x00007f7396400000, 0x00007f73a1500000, 0x00007f78eb980000)
  object space 181248K, 91% used [0x00007f7396400000,0x00007f73a05236f8,0x00007f73a1500000)
 Metaspace       used 71000K, committed 72064K, reserved 1114112K
  class space    used 7334K, committed 7808K, reserved 1048576K
}
Event: 67,715 GC heap before
{Heap before GC invocations=142 (full 8):
 PSYoungGen      total 13312K, used 13211K [0x00007f78eb980000, 0x00007f78ec880000, 0x00007f7b96400000)
  eden space 11776K, 100% used [0x00007f78eb980000,0x00007f78ec500000,0x00007f78ec500000)
  from space 1536K, 93% used [0x00007f78ec680000,0x00007f78ec7e6d58,0x00007f78ec800000)
  to   space 1536K, 0% used [0x00007f78ec500000,0x00007f78ec500000,0x00007f78ec680000)
 ParOldGen       total 181248K, used 165005K [0x00007f7396400000, 0x00007f73a1500000, 0x00007f78eb980000)
  object space 181248K, 91% used [0x00007f7396400000,0x00007f73a05236f8,0x00007f73a1500000)
 Metaspace       used 71015K, committed 72128K, reserved 1114112K
  class space    used 7334K, committed 7808K, reserved 1048576K
}
Event: 67,723 GC heap after
{Heap after GC invocations=142 (full 8):
 PSYoungGen      total 13312K, used 1521K [0x00007f78eb980000, 0x00007f78ecc00000, 0x00007f7b96400000)
  eden space 11776K, 0% used [0x00007f78eb980000,0x00007f78eb980000,0x00007f78ec500000)
  from space 1536K, 99% used [0x00007f78ec500000,0x00007f78ec67c7c0,0x00007f78ec680000)
  to   space 3072K, 0% used [0x00007f78ec900000,0x00007f78ec900000,0x00007f78ecc00000)
 ParOldGen       total 181248K, used 166253K [0x00007f7396400000, 0x00007f73a1500000, 0x00007f78eb980000)
  object space 181248K, 91% used [0x00007f7396400000,0x00007f73a065b440,0x00007f73a1500000)
 Metaspace       used 71015K, committed 72128K, reserved 1114112K
  class space    used 7334K, committed 7808K, reserved 1048576K
}
Event: 74,389 GC heap before
{Heap before GC invocations=143 (full 8):
 PSYoungGen      total 13312K, used 13297K [0x00007f78eb980000, 0x00007f78ecc00000, 0x00007f7b96400000)
  eden space 11776K, 100% used [0x00007f78eb980000,0x00007f78ec500000,0x00007f78ec500000)
  from space 1536K, 99% used [0x00007f78ec500000,0x00007f78ec67c7c0,0x00007f78ec680000)
  to   space 3072K, 0% used [0x00007f78ec900000,0x00007f78ec900000,0x00007f78ecc00000)
 ParOldGen       total 181248K, used 166253K [0x00007f7396400000, 0x00007f73a1500000, 0x00007f78eb980000)
  object space 181248K, 91% used [0x00007f7396400000,0x00007f73a065b440,0x00007f73a1500000)
 Metaspace       used 71025K, committed 72128K, reserved 1114112K
  class space    used 7334K, committed 7808K, reserved 1048576K
}
Event: 74,396 GC heap after
{Heap after GC invocations=143 (full 8):
 PSYoungGen      total 15872K, used 2457K [0x00007f78eb980000, 0x00007f78ecc00000, 0x00007f7b96400000)
  eden space 12800K, 0% used [0x00007f78eb980000,0x00007f78eb980000,0x00007f78ec600000)
  from space 3072K, 79% used [0x00007f78ec900000,0x00007f78ecb66438,0x00007f78ecc00000)
  to   space 3072K, 0% used [0x00007f78ec600000,0x00007f78ec600000,0x00007f78ec900000)
 ParOldGen       total 181248K, used 166862K [0x00007f7396400000, 0x00007f73a1500000, 0x00007f78eb980000)
  object space 181248K, 92% used [0x00007f7396400000,0x00007f73a06f3820,0x00007f73a1500000)
 Metaspace       used 71025K, committed 72128K, reserved 1114112K
  class space    used 7334K, committed 7808K, reserved 1048576K
}
Event: 74,436 GC heap before
{Heap before GC invocations=144 (full 8):
 PSYoungGen      total 15872K, used 15257K [0x00007f78eb980000, 0x00007f78ecc00000, 0x00007f7b96400000)
  eden space 12800K, 100% used [0x00007f78eb980000,0x00007f78ec600000,0x00007f78ec600000)
  from space 3072K, 79% used [0x00007f78ec900000,0x00007f78ecb66438,0x00007f78ecc00000)
  to   space 3072K, 0% used [0x00007f78ec600000,0x00007f78ec600000,0x00007f78ec900000)
 ParOldGen       total 181248K, used 166862K [0x00007f7396400000, 0x00007f73a1500000, 0x00007f78eb980000)
  object space 181248K, 92% used [0x00007f7396400000,0x00007f73a06f3820,0x00007f73a1500000)
 Metaspace       used 71029K, committed 72128K, reserved 1114112K
  class space    used 7334K, committed 7808K, reserved 1048576K
}
Event: 74,445 GC heap after
{Heap after GC invocations=144 (full 8):
 PSYoungGen      total 15872K, used 3030K [0x00007f78eb980000, 0x00007f78ece00000, 0x00007f7b96400000)
  eden space 12800K, 0% used [0x00007f78eb980000,0x00007f78eb980000,0x00007f78ec600000)
  from space 3072K, 98% used [0x00007f78ec600000,0x00007f78ec8f5ad0,0x00007f78ec900000)
  to   space 3584K, 0% used [0x00007f78eca80000,0x00007f78eca80000,0x00007f78ece00000)
 ParOldGen       total 181248K, used 166862K [0x00007f7396400000, 0x00007f73a1500000, 0x00007f78eb980000)
  object space 181248K, 92% used [0x00007f7396400000,0x00007f73a06f3820,0x00007f73a1500000)
 Metaspace       used 71029K, committed 72128K, reserved 1114112K
  class space    used 7334K, committed 7808K, reserved 1048576K
}
Event: 74,521 GC heap before
{Heap before GC invocations=145 (full 8):
 PSYoungGen      total 15872K, used 15830K [0x00007f78eb980000, 0x00007f78ece00000, 0x00007f7b96400000)
  eden space 12800K, 100% used [0x00007f78eb980000,0x00007f78ec600000,0x00007f78ec600000)
  from space 3072K, 98% used [0x00007f78ec600000,0x00007f78ec8f5ad0,0x00007f78ec900000)
  to   space 3584K, 0% used [0x00007f78eca80000,0x00007f78eca80000,0x00007f78ece00000)
 ParOldGen       total 181248K, used 166862K [0x00007f7396400000, 0x00007f73a1500000, 0x00007f78eb980000)
  object space 181248K, 92% used [0x00007f7396400000,0x00007f73a06f3820,0x00007f73a1500000)
 Metaspace       used 71440K, committed 72576K, reserved 1114112K
  class space    used 7369K, committed 7872K, reserved 1048576K
}
Event: 74,532 GC heap after
{Heap after GC invocations=145 (full 8):
 PSYoungGen      total 16896K, used 2785K [0x00007f78eb980000, 0x00007f78ecd80000, 0x00007f7b96400000)
  eden space 13824K, 0% used [0x00007f78eb980000,0x00007f78eb980000,0x00007f78ec700000)
  from space 3072K, 90% used [0x00007f78eca80000,0x00007f78ecd387d0,0x00007f78ecd80000)
  to   space 3072K, 0% used [0x00007f78ec780000,0x00007f78ec780000,0x00007f78eca80000)
 ParOldGen       total 181248K, used 166862K [0x00007f7396400000, 0x00007f73a1500000, 0x00007f78eb980000)
  object space 181248K, 92% used [0x00007f7396400000,0x00007f73a06f3820,0x00007f73a1500000)
 Metaspace       used 71440K, committed 72576K, reserved 1114112K
  class space    used 7369K, committed 7872K, reserved 1048576K
}
Event: 89,507 GC heap before
{Heap before GC invocations=146 (full 8):
 PSYoungGen      total 16896K, used 16609K [0x00007f78eb980000, 0x00007f78ecd80000, 0x00007f7b96400000)
  eden space 13824K, 100% used [0x00007f78eb980000,0x00007f78ec700000,0x00007f78ec700000)
  from space 3072K, 90% used [0x00007f78eca80000,0x00007f78ecd387d0,0x00007f78ecd80000)
  to   space 3072K, 0% used [0x00007f78ec780000,0x00007f78ec780000,0x00007f78eca80000)
 ParOldGen       total 181248K, used 166862K [0x00007f7396400000, 0x00007f73a1500000, 0x00007f78eb980000)
  object space 181248K, 92% used [0x00007f7396400000,0x00007f73a06f3820,0x00007f73a1500000)
 Metaspace       used 71464K, committed 72576K, reserved 1114112K
  class space    used 7369K, committed 7872K, reserved 1048576K
}
Event: 89,520 GC heap after
{Heap after GC invocations=146 (full 8):
 PSYoungGen      total 16384K, used 2166K [0x00007f78eb980000, 0x00007f78ecc00000, 0x00007f7b96400000)
  eden space 13824K, 0% used [0x00007f78eb980000,0x00007f78eb980000,0x00007f78ec700000)
  from space 2560K, 84% used [0x00007f78ec780000,0x00007f78ec99dad0,0x00007f78eca00000)
  to   space 2048K, 0% used [0x00007f78eca00000,0x00007f78eca00000,0x00007f78ecc00000)
 ParOldGen       total 181248K, used 166870K [0x00007f7396400000, 0x00007f73a1500000, 0x00007f78eb980000)
  object space 181248K, 92% used [0x00007f7396400000,0x00007f73a06f5820,0x00007f73a1500000)
 Metaspace       used 71464K, committed 72576K, reserved 1114112K
  class space    used 7369K, committed 7872K, reserved 1048576K
}
Event: 89,562 GC heap before
{Heap before GC invocations=147 (full 8):
 PSYoungGen      total 16384K, used 15990K [0x00007f78eb980000, 0x00007f78ecc00000, 0x00007f7b96400000)
  eden space 13824K, 100% used [0x00007f78eb980000,0x00007f78ec700000,0x00007f78ec700000)
  from space 2560K, 84% used [0x00007f78ec780000,0x00007f78ec99dad0,0x00007f78eca00000)
  to   space 2048K, 0% used [0x00007f78eca00000,0x00007f78eca00000,0x00007f78ecc00000)
 ParOldGen       total 181248K, used 166870K [0x00007f7396400000, 0x00007f73a1500000, 0x00007f78eb980000)
  object space 181248K, 92% used [0x00007f7396400000,0x00007f73a06f5820,0x00007f73a1500000)
 Metaspace       used 71466K, committed 72576K, reserved 1114112K
  class space    used 7369K, committed 7872K, reserved 1048576K
}
Event: 89,570 GC heap after
{Heap after GC invocations=147 (full 8):
 PSYoungGen      total 15360K, used 2017K [0x00007f78eb980000, 0x00007f78ecf80000, 0x00007f7b96400000)
  eden space 13312K, 0% used [0x00007f78eb980000,0x00007f78eb980000,0x00007f78ec680000)
  from space 2048K, 98% used [0x00007f78eca00000,0x00007f78ecbf87d0,0x00007f78ecc00000)
  to   space 3584K, 0% used [0x00007f78ec680000,0x00007f78ec680000,0x00007f78eca00000)
 ParOldGen       total 181248K, used 167906K [0x00007f7396400000, 0x00007f73a1500000, 0x00007f78eb980000)
  object space 181248K, 92% used [0x00007f7396400000,0x00007f73a07f8bb0,0x00007f73a1500000)
 Metaspace       used 71466K, committed 72576K, reserved 1114112K
  class space    used 7369K, committed 7872K, reserved 1048576K
}

